{"level":"info","message":"Hello from Accusations!","service":"accusations-api","timestamp":"2025-09-17 18:55:34"}
{"level":"info","message":"::1 - - [17/Sep/2025:12:55:34 +0000] \"GET / HTTP/1.1\" 304 - \"-\" \"Mozilla/5.0 (Macintosh; Intel Mac OS X 10_15_7) AppleWebKit/537.36 (KHTML, like Gecko) Chrome/140.0.0.0 Safari/537.36\"","service":"accusations-api","timestamp":"2025-09-17 18:55:34"}
{"level":"info","message":"::1 - - [17/Sep/2025:12:55:34 +0000] \"GET /favicon.ico HTTP/1.1\" 404 150 \"-\" \"Mozilla/5.0 (Macintosh; Intel Mac OS X 10_15_7) AppleWebKit/537.36 (KHTML, like Gecko) Chrome/140.0.0.0 Safari/537.36\"","service":"accusations-api","timestamp":"2025-09-17 18:55:34"}
{"level":"info","message":"Hello from Accusations!","service":"accusations-api","timestamp":"2025-09-17 19:45:31"}
{"level":"info","message":"::1 - - [17/Sep/2025:13:45:31 +0000] \"GET / HTTP/1.1\" 200 23 \"-\" \"Mozilla/5.0 (Macintosh; Intel Mac OS X 10_15_7) AppleWebKit/537.36 (KHTML, like Gecko) Chrome/140.0.0.0 Safari/537.36\"","service":"accusations-api","timestamp":"2025-09-17 19:45:31"}
{"level":"info","message":"::1 - - [17/Sep/2025:13:45:54 +0000] \"GET /health HTTP/1.1\" 200 76 \"-\" \"Mozilla/5.0 (Macintosh; Intel Mac OS X 10_15_7) AppleWebKit/537.36 (KHTML, like Gecko) Chrome/140.0.0.0 Safari/537.36\"","service":"accusations-api","timestamp":"2025-09-17 19:45:54"}
{"level":"info","message":"Hello from Accusations!","service":"accusations-api","timestamp":"2025-09-17 19:49:52"}
{"level":"info","message":"::1 - - [17/Sep/2025:13:49:52 +0000] \"GET / HTTP/1.1\" 200 23 \"-\" \"PostmanRuntime/7.35.0\"","service":"accusations-api","timestamp":"2025-09-17 19:49:52"}
{"level":"info","message":"::1 - - [17/Sep/2025:13:51:03 +0000] \"GET /api HTTP/1.1\" 200 41 \"-\" \"PostmanRuntime/7.35.0\"","service":"accusations-api","timestamp":"2025-09-17 19:51:03"}
{"level":"info","message":"::1 - - [17/Sep/2025:13:51:29 +0000] \"GET /health HTTP/1.1\" 200 77 \"-\" \"PostmanRuntime/7.35.0\"","service":"accusations-api","timestamp":"2025-09-17 19:51:29"}
{"level":"info","message":"Hello from Accusations!","service":"accusations-api","timestamp":"2025-09-17 19:53:06"}
{"level":"info","message":"::1 - - [17/Sep/2025:13:53:06 +0000] \"GET / HTTP/1.1\" 200 23 \"-\" \"PostmanRuntime/7.35.0\"","service":"accusations-api","timestamp":"2025-09-17 19:53:06"}
{"level":"info","message":"::1 - - [17/Sep/2025:13:53:32 +0000] \"GET /health HTTP/1.1\" 200 77 \"-\" \"PostmanRuntime/7.35.0\"","service":"accusations-api","timestamp":"2025-09-17 19:53:32"}
{"level":"info","message":"::1 - - [17/Sep/2025:13:55:07 +0000] \"GET /api/auth/sign-up HTTP/1.1\" 404 155 \"-\" \"PostmanRuntime/7.35.0\"","service":"accusations-api","timestamp":"2025-09-17 19:55:07"}
{"level":"info","message":"::1 - - [17/Sep/2025:13:55:12 +0000] \"POST /api/auth/sign-up HTTP/1.1\" 200 13 \"-\" \"PostmanRuntime/7.35.0\"","service":"accusations-api","timestamp":"2025-09-17 19:55:12"}
{"level":"info","message":"::1 - - [17/Sep/2025:13:55:19 +0000] \"POST /api/auth/sign-up HTTP/1.1\" 200 13 \"-\" \"PostmanRuntime/7.35.0\"","service":"accusations-api","timestamp":"2025-09-17 19:55:19"}
{"level":"info","message":"::1 - - [17/Sep/2025:14:45:47 +0000] \"POST /api/auth/sign-up HTTP/1.1\" 200 13 \"-\" \"PostmanRuntime/7.35.0\"","service":"accusations-api","timestamp":"2025-09-17 20:45:47"}
{"level":"info","message":"Hello from Accusations!","service":"accusations-api","timestamp":"2025-09-17 20:56:43"}
{"level":"info","message":"::1 - - [17/Sep/2025:14:56:43 +0000] \"GET / HTTP/1.1\" 304 - \"-\" \"Mozilla/5.0 (Macintosh; Intel Mac OS X 10_15_7) AppleWebKit/537.36 (KHTML, like Gecko) Chrome/140.0.0.0 Safari/537.36\"","service":"accusations-api","timestamp":"2025-09-17 20:56:43"}
{"level":"error","message":"Error signing up user: signupSchema.validate is not a function","service":"accusations-api","stack":"TypeError: signupSchema.validate is not a function\n    at signup (file:///Users/newaz/Developer/accusations/src/controllers/auth.controller.js:7:43)\n    at Layer.handleRequest (/Users/newaz/Developer/accusations/node_modules/router/lib/layer.js:152:17)\n    at next (/Users/newaz/Developer/accusations/node_modules/router/lib/route.js:157:13)\n    at Route.dispatch (/Users/newaz/Developer/accusations/node_modules/router/lib/route.js:117:3)\n    at handle (/Users/newaz/Developer/accusations/node_modules/router/index.js:435:11)\n    at Layer.handleRequest (/Users/newaz/Developer/accusations/node_modules/router/lib/layer.js:152:17)\n    at /Users/newaz/Developer/accusations/node_modules/router/index.js:295:15\n    at processParams (/Users/newaz/Developer/accusations/node_modules/router/index.js:582:12)\n    at next (/Users/newaz/Developer/accusations/node_modules/router/index.js:291:5)\n    at Function.handle (/Users/newaz/Developer/accusations/node_modules/router/index.js:186:3)","timestamp":"2025-09-17 20:56:48"}
{"level":"info","message":"::1 - - [17/Sep/2025:14:56:48 +0000] \"POST /api/auth/sign-up HTTP/1.1\" 500 1238 \"-\" \"PostmanRuntime/7.35.0\"","service":"accusations-api","timestamp":"2025-09-17 20:56:48"}
{"level":"error","message":"Error signing up user: signupSchema.validate is not a function","service":"accusations-api","stack":"TypeError: signupSchema.validate is not a function\n    at signup (file:///Users/newaz/Developer/accusations/src/controllers/auth.controller.js:7:43)\n    at Layer.handleRequest (/Users/newaz/Developer/accusations/node_modules/router/lib/layer.js:152:17)\n    at next (/Users/newaz/Developer/accusations/node_modules/router/lib/route.js:157:13)\n    at Route.dispatch (/Users/newaz/Developer/accusations/node_modules/router/lib/route.js:117:3)\n    at handle (/Users/newaz/Developer/accusations/node_modules/router/index.js:435:11)\n    at Layer.handleRequest (/Users/newaz/Developer/accusations/node_modules/router/lib/layer.js:152:17)\n    at /Users/newaz/Developer/accusations/node_modules/router/index.js:295:15\n    at processParams (/Users/newaz/Developer/accusations/node_modules/router/index.js:582:12)\n    at next (/Users/newaz/Developer/accusations/node_modules/router/index.js:291:5)\n    at Function.handle (/Users/newaz/Developer/accusations/node_modules/router/index.js:186:3)","timestamp":"2025-09-17 20:57:11"}
{"level":"info","message":"::1 - - [17/Sep/2025:14:57:11 +0000] \"POST /api/auth/sign-up HTTP/1.1\" 500 1238 \"-\" \"PostmanRuntime/7.35.0\"","service":"accusations-api","timestamp":"2025-09-17 20:57:11"}
{"level":"info","message":"::1 - - [17/Sep/2025:14:58:12 +0000] \"POST /api/auth/sign-up HTTP/1.1\" 400 92 \"-\" \"PostmanRuntime/7.35.0\"","service":"accusations-api","timestamp":"2025-09-17 20:58:12"}
{"level":"info","message":"::1 - - [17/Sep/2025:15:00:03 +0000] \"POST /api/auth/sign-up HTTP/1.1\" 400 92 \"-\" \"PostmanRuntime/7.35.0\"","service":"accusations-api","timestamp":"2025-09-17 21:00:03"}
{"level":"info","message":"::1 - - [17/Sep/2025:15:00:05 +0000] \"POST /api/auth/sign-up HTTP/1.1\" 400 92 \"-\" \"PostmanRuntime/7.35.0\"","service":"accusations-api","timestamp":"2025-09-17 21:00:05"}
{"level":"info","message":"::1 - - [17/Sep/2025:15:00:38 +0000] \"POST /api/auth/sign-up HTTP/1.1\" 400 144 \"-\" \"PostmanRuntime/7.35.0\"","service":"accusations-api","timestamp":"2025-09-17 21:00:38"}
{"level":"info","message":"User signed up: mr.saifnewaz@gmail.com with role: user","service":"accusations-api","timestamp":"2025-09-17 21:01:00"}
{"level":"info","message":"::1 - - [17/Sep/2025:15:01:00 +0000] \"POST /api/auth/sign-up HTTP/1.1\" 201 118 \"-\" \"PostmanRuntime/7.35.0\"","service":"accusations-api","timestamp":"2025-09-17 21:01:00"}
{"email":"admin@saif.com","id":1,"level":"info","message":"User created successfully:","service":"accusations-api","timestamp":"2025-09-17 21:27:57"}
{"level":"info","message":"User signed up: admin@saif.com with role: admin","service":"accusations-api","timestamp":"2025-09-17 21:27:57"}
{"level":"info","message":"::1 - - [17/Sep/2025:15:27:57 +0000] \"POST /api/auth/sign-up HTTP/1.1\" 201 112 \"-\" \"PostmanRuntime/7.35.0\"","service":"accusations-api","timestamp":"2025-09-17 21:27:57"}
{"cause":{"code":"23505","constraint":"users_email_unique","detail":"Key (email)=(admin@saif.com) already exists.","file":"nbtinsert.c","line":"666","name":"NeonDbError","routine":"_bt_check_unique","schema":"public","severity":"ERROR","table":"users"},"level":"error","message":"Error creating user: Failed query: insert into \"users\" (\"id\", \"name\", \"email\", \"password\", \"role\", \"created_at\", \"updated_at\") values (default, $1, $2, $3, $4, default, default) returning \"id\", \"name\", \"email\", \"role\", \"created_at\"\nparams: Admin,admin@saif.com,$2b$10$9fE2JtgdU1Wyy3I27CNBxOoRszuQZTykmoFU36wn3XY9X2Lvo5Rta,admin","params":["Admin","admin@saif.com","$2b$10$9fE2JtgdU1Wyy3I27CNBxOoRszuQZTykmoFU36wn3XY9X2Lvo5Rta","admin"],"query":"insert into \"users\" (\"id\", \"name\", \"email\", \"password\", \"role\", \"created_at\", \"updated_at\") values (default, $1, $2, $3, $4, default, default) returning \"id\", \"name\", \"email\", \"role\", \"created_at\"","service":"accusations-api","stack":"Error: Failed query: insert into \"users\" (\"id\", \"name\", \"email\", \"password\", \"role\", \"created_at\", \"updated_at\") values (default, $1, $2, $3, $4, default, default) returning \"id\", \"name\", \"email\", \"role\", \"created_at\"\nparams: Admin,admin@saif.com,$2b$10$9fE2JtgdU1Wyy3I27CNBxOoRszuQZTykmoFU36wn3XY9X2Lvo5Rta,admin\n    at NeonHttpPreparedQuery.queryWithCache (file:///Users/newaz/Developer/accusations/node_modules/drizzle-orm/pg-core/session.js:41:15)\n    at process.processTicksAndRejections (node:internal/process/task_queues:105:5)\n    at async NeonHttpPreparedQuery.execute (file:///Users/newaz/Developer/accusations/node_modules/drizzle-orm/neon-http/session.js:45:20)\n    at async createUser (file:///Users/newaz/Developer/accusations/src/services/auth.service.js:29:23)\n    at async signup (file:///Users/newaz/Developer/accusations/src/controllers/auth.controller.js:20:18)","timestamp":"2025-09-17 21:28:05"}
{"level":"error","message":"Error signing up user: Failed to create user","service":"accusations-api","stack":"Error: Failed to create user\n    at createUser (file:///Users/newaz/Developer/accusations/src/services/auth.service.js:48:11)\n    at process.processTicksAndRejections (node:internal/process/task_queues:105:5)\n    at async signup (file:///Users/newaz/Developer/accusations/src/controllers/auth.controller.js:20:18)","timestamp":"2025-09-17 21:28:05"}
{"level":"info","message":"::1 - - [17/Sep/2025:15:28:05 +0000] \"POST /api/auth/sign-up HTTP/1.1\" 500 479 \"-\" \"PostmanRuntime/7.35.0\"","service":"accusations-api","timestamp":"2025-09-17 21:28:05"}
{"cause":{"code":"23505","constraint":"users_email_unique","detail":"Key (email)=(admin@saif.com) already exists.","file":"nbtinsert.c","line":"666","name":"NeonDbError","routine":"_bt_check_unique","schema":"public","severity":"ERROR","table":"users"},"level":"error","message":"Error creating user: Failed query: insert into \"users\" (\"id\", \"name\", \"email\", \"password\", \"role\", \"created_at\", \"updated_at\") values (default, $1, $2, $3, $4, default, default) returning \"id\", \"name\", \"email\", \"role\", \"created_at\"\nparams: Admin,admin@saif.com,$2b$10$/.zNVElsDT8UNU1DmpLuj.lSX.RFlHiEcqL81coaq5BofSdOOE8wS,admin","params":["Admin","admin@saif.com","$2b$10$/.zNVElsDT8UNU1DmpLuj.lSX.RFlHiEcqL81coaq5BofSdOOE8wS","admin"],"query":"insert into \"users\" (\"id\", \"name\", \"email\", \"password\", \"role\", \"created_at\", \"updated_at\") values (default, $1, $2, $3, $4, default, default) returning \"id\", \"name\", \"email\", \"role\", \"created_at\"","service":"accusations-api","stack":"Error: Failed query: insert into \"users\" (\"id\", \"name\", \"email\", \"password\", \"role\", \"created_at\", \"updated_at\") values (default, $1, $2, $3, $4, default, default) returning \"id\", \"name\", \"email\", \"role\", \"created_at\"\nparams: Admin,admin@saif.com,$2b$10$/.zNVElsDT8UNU1DmpLuj.lSX.RFlHiEcqL81coaq5BofSdOOE8wS,admin\n    at NeonHttpPreparedQuery.queryWithCache (file:///Users/newaz/Developer/accusations/node_modules/drizzle-orm/pg-core/session.js:41:15)\n    at process.processTicksAndRejections (node:internal/process/task_queues:105:5)\n    at async NeonHttpPreparedQuery.execute (file:///Users/newaz/Developer/accusations/node_modules/drizzle-orm/neon-http/session.js:45:20)\n    at async createUser (file:///Users/newaz/Developer/accusations/src/services/auth.service.js:29:23)\n    at async signup (file:///Users/newaz/Developer/accusations/src/controllers/auth.controller.js:20:18)","timestamp":"2025-09-17 21:30:58"}
{"level":"error","message":"Error signing up user: Failed to create user","service":"accusations-api","stack":"Error: Failed to create user\n    at createUser (file:///Users/newaz/Developer/accusations/src/services/auth.service.js:48:11)\n    at process.processTicksAndRejections (node:internal/process/task_queues:105:5)\n    at async signup (file:///Users/newaz/Developer/accusations/src/controllers/auth.controller.js:20:18)","timestamp":"2025-09-17 21:30:58"}
{"level":"info","message":"::1 - - [17/Sep/2025:15:30:58 +0000] \"POST /api/auth/sign-up HTTP/1.1\" 500 479 \"-\" \"PostmanRuntime/7.35.0\"","service":"accusations-api","timestamp":"2025-09-17 21:30:58"}
{"email":"test@example.com","id":4,"level":"info","message":"User created successfully:","service":"accusations-api","timestamp":"2025-09-18 17:31:32"}
{"level":"info","message":"User signed up: test@example.com with role: user","service":"accusations-api","timestamp":"2025-09-18 17:31:32"}
{"level":"info","message":"::1 - - [18/Sep/2025:11:31:32 +0000] \"POST /api/auth/sign-up HTTP/1.1\" 201 117 \"-\" \"curl/8.7.1\"","service":"accusations-api","timestamp":"2025-09-18 17:31:32"}
{"email":"test@example.com","id":4,"level":"info","message":"User authenticated successfully:","service":"accusations-api","timestamp":"2025-09-18 17:31:38"}
{"level":"info","message":"User signed in: test@example.com","service":"accusations-api","timestamp":"2025-09-18 17:31:38"}
{"level":"info","message":"::1 - - [18/Sep/2025:11:31:38 +0000] \"POST /api/auth/sign-in HTTP/1.1\" 200 117 \"-\" \"curl/8.7.1\"","service":"accusations-api","timestamp":"2025-09-18 17:31:38"}
{"level":"info","message":"User signed out successfully","service":"accusations-api","timestamp":"2025-09-18 17:31:43"}
{"level":"info","message":"::1 - - [18/Sep/2025:11:31:43 +0000] \"POST /api/auth/sign-out HTTP/1.1\" 200 42 \"-\" \"curl/8.7.1\"","service":"accusations-api","timestamp":"2025-09-18 17:31:43"}
{"level":"error","message":"Error authenticating user: Invalid password","service":"accusations-api","stack":"Error: Invalid password\n    at authenticateUser (file:///Users/newaz/Developer/accusations/src/services/auth.service.js:40:13)\n    at async signin (file:///Users/newaz/Developer/accusations/src/controllers/auth.controller.js:68:18)","timestamp":"2025-09-18 17:31:49"}
{"level":"error","message":"Error signing in user: Invalid email or password","service":"accusations-api","stack":"Error: Invalid email or password\n    at authenticateUser (file:///Users/newaz/Developer/accusations/src/services/auth.service.js:55:13)\n    at async signin (file:///Users/newaz/Developer/accusations/src/controllers/auth.controller.js:68:18)","timestamp":"2025-09-18 17:31:49"}
{"level":"info","message":"::1 - - [18/Sep/2025:11:31:49 +0000] \"POST /api/auth/sign-in HTTP/1.1\" 401 37 \"-\" \"curl/8.7.1\"","service":"accusations-api","timestamp":"2025-09-18 17:31:49"}
{"level":"info","message":"Hello from Accusations!","service":"accusations-api","timestamp":"2025-09-18 17:33:15"}
{"level":"info","message":"::1 - - [18/Sep/2025:11:33:15 +0000] \"GET / HTTP/1.1\" 304 - \"-\" \"Mozilla/5.0 (Macintosh; Intel Mac OS X 10_15_7) AppleWebKit/537.36 (KHTML, like Gecko) Chrome/140.0.0.0 Safari/537.36\"","service":"accusations-api","timestamp":"2025-09-18 17:33:15"}
{"level":"info","message":"::1 - - [18/Sep/2025:11:33:15 +0000] \"GET /favicon.ico HTTP/1.1\" 404 150 \"-\" \"Mozilla/5.0 (Macintosh; Intel Mac OS X 10_15_7) AppleWebKit/537.36 (KHTML, like Gecko) Chrome/140.0.0.0 Safari/537.36\"","service":"accusations-api","timestamp":"2025-09-18 17:33:15"}
{"email":"admin@saif.com","id":1,"level":"info","message":"User authenticated successfully:","service":"accusations-api","timestamp":"2025-09-18 17:33:57"}
{"level":"info","message":"User signed in: admin@saif.com","service":"accusations-api","timestamp":"2025-09-18 17:33:57"}
{"level":"info","message":"::1 - - [18/Sep/2025:11:33:57 +0000] \"POST /api/auth/sign-in HTTP/1.1\" 200 112 \"-\" \"PostmanRuntime/7.37.3\"","service":"accusations-api","timestamp":"2025-09-18 17:33:57"}
{"level":"info","message":"User signed out successfully","service":"accusations-api","timestamp":"2025-09-18 17:34:36"}
{"level":"info","message":"::1 - - [18/Sep/2025:11:34:36 +0000] \"POST /api/auth/sign-out HTTP/1.1\" 200 42 \"-\" \"PostmanRuntime/7.37.3\"","service":"accusations-api","timestamp":"2025-09-18 17:34:36"}
{"level":"info","message":"Hello from Accusations!","service":"accusations-api","timestamp":"2025-09-18 21:39:29"}
{"level":"info","message":"::1 - - [18/Sep/2025:15:39:29 +0000] \"GET / HTTP/1.1\" 304 - \"-\" \"Mozilla/5.0 (Macintosh; Intel Mac OS X 10_15_7) AppleWebKit/537.36 (KHTML, like Gecko) Chrome/140.0.0.0 Safari/537.36\"","service":"accusations-api","timestamp":"2025-09-18 21:39:29"}
{"ip":"::1","level":"warn","message":"Bot request blocked","path":"/health","service":"accusations-api","timestamp":"2025-09-18 21:39:43","userAgent":"PostmanRuntime/7.37.3"}
{"level":"info","message":"::1 - - [18/Sep/2025:15:39:43 +0000] \"GET /health HTTP/1.1\" 403 68 \"-\" \"PostmanRuntime/7.37.3\"","service":"accusations-api","timestamp":"2025-09-18 21:39:43"}
{"ip":"::1","level":"warn","message":"Bot request blocked","path":"/health","service":"accusations-api","timestamp":"2025-09-18 21:40:21","userAgent":"PostmanRuntime/7.37.3"}
{"level":"info","message":"::1 - - [18/Sep/2025:15:40:21 +0000] \"GET /health HTTP/1.1\" 403 68 \"-\" \"PostmanRuntime/7.37.3\"","service":"accusations-api","timestamp":"2025-09-18 21:40:21"}
{"ip":"::1","level":"warn","message":"Bot request blocked","path":"/health","service":"accusations-api","timestamp":"2025-09-18 21:40:53","userAgent":"PostmanRuntime/7.37.3"}
{"level":"info","message":"::1 - - [18/Sep/2025:15:40:53 +0000] \"GET /health HTTP/1.1\" 403 68 \"-\" \"PostmanRuntime/7.37.3\"","service":"accusations-api","timestamp":"2025-09-18 21:40:53"}
{"ip":"::1","level":"warn","message":"Bot request blocked","path":"/health","service":"accusations-api","timestamp":"2025-09-18 21:41:13","userAgent":"PostmanRuntime/7.37.3"}
{"level":"info","message":"::1 - - [18/Sep/2025:15:41:13 +0000] \"GET /health HTTP/1.1\" 403 68 \"-\" \"PostmanRuntime/7.37.3\"","service":"accusations-api","timestamp":"2025-09-18 21:41:13"}
{"ip":"::1","level":"warn","message":"Bot request blocked","path":"/health","service":"accusations-api","timestamp":"2025-09-18 21:41:14","userAgent":"PostmanRuntime/7.37.3"}
{"level":"info","message":"::1 - - [18/Sep/2025:15:41:14 +0000] \"GET /health HTTP/1.1\" 403 68 \"-\" \"PostmanRuntime/7.37.3\"","service":"accusations-api","timestamp":"2025-09-18 21:41:14"}
{"ip":"::1","level":"warn","message":"Bot request blocked","path":"/health","service":"accusations-api","timestamp":"2025-09-18 21:41:15","userAgent":"PostmanRuntime/7.37.3"}
{"level":"info","message":"::1 - - [18/Sep/2025:15:41:15 +0000] \"GET /health HTTP/1.1\" 403 68 \"-\" \"PostmanRuntime/7.37.3\"","service":"accusations-api","timestamp":"2025-09-18 21:41:15"}
{"ip":"::1","level":"warn","message":"Bot request blocked","path":"/health","service":"accusations-api","timestamp":"2025-09-18 21:41:16","userAgent":"PostmanRuntime/7.37.3"}
{"level":"info","message":"::1 - - [18/Sep/2025:15:41:16 +0000] \"GET /health HTTP/1.1\" 403 68 \"-\" \"PostmanRuntime/7.37.3\"","service":"accusations-api","timestamp":"2025-09-18 21:41:16"}
{"ip":"::1","level":"warn","message":"Bot request blocked","path":"/health","service":"accusations-api","timestamp":"2025-09-18 21:41:16","userAgent":"PostmanRuntime/7.37.3"}
{"level":"info","message":"::1 - - [18/Sep/2025:15:41:16 +0000] \"GET /health HTTP/1.1\" 403 68 \"-\" \"PostmanRuntime/7.37.3\"","service":"accusations-api","timestamp":"2025-09-18 21:41:16"}
{"ip":"::1","level":"warn","message":"Bot request blocked","path":"/health","service":"accusations-api","timestamp":"2025-09-18 21:41:17","userAgent":"PostmanRuntime/7.37.3"}
{"level":"info","message":"::1 - - [18/Sep/2025:15:41:17 +0000] \"GET /health HTTP/1.1\" 403 68 \"-\" \"PostmanRuntime/7.37.3\"","service":"accusations-api","timestamp":"2025-09-18 21:41:17"}
{"ip":"::1","level":"warn","message":"Bot request blocked","path":"/health","service":"accusations-api","timestamp":"2025-09-18 21:41:17","userAgent":"PostmanRuntime/7.37.3"}
{"level":"info","message":"::1 - - [18/Sep/2025:15:41:17 +0000] \"GET /health HTTP/1.1\" 403 68 \"-\" \"PostmanRuntime/7.37.3\"","service":"accusations-api","timestamp":"2025-09-18 21:41:17"}
{"ip":"::1","level":"warn","message":"Bot request blocked","path":"/health","service":"accusations-api","timestamp":"2025-09-18 21:41:18","userAgent":"PostmanRuntime/7.37.3"}
{"level":"info","message":"::1 - - [18/Sep/2025:15:41:18 +0000] \"GET /health HTTP/1.1\" 403 68 \"-\" \"PostmanRuntime/7.37.3\"","service":"accusations-api","timestamp":"2025-09-18 21:41:18"}
{"ip":"::1","level":"warn","message":"Bot request blocked","path":"/health","service":"accusations-api","timestamp":"2025-09-18 21:41:18","userAgent":"PostmanRuntime/7.37.3"}
{"level":"info","message":"::1 - - [18/Sep/2025:15:41:18 +0000] \"GET /health HTTP/1.1\" 403 68 \"-\" \"PostmanRuntime/7.37.3\"","service":"accusations-api","timestamp":"2025-09-18 21:41:18"}
{"ip":"::1","level":"warn","message":"Bot request blocked","path":"/health","service":"accusations-api","timestamp":"2025-09-18 21:41:19","userAgent":"PostmanRuntime/7.37.3"}
{"level":"info","message":"::1 - - [18/Sep/2025:15:41:19 +0000] \"GET /health HTTP/1.1\" 403 68 \"-\" \"PostmanRuntime/7.37.3\"","service":"accusations-api","timestamp":"2025-09-18 21:41:19"}
{"ip":"::1","level":"warn","message":"Bot request blocked","path":"/health","service":"accusations-api","timestamp":"2025-09-18 21:41:19","userAgent":"PostmanRuntime/7.37.3"}
{"level":"info","message":"::1 - - [18/Sep/2025:15:41:19 +0000] \"GET /health HTTP/1.1\" 403 68 \"-\" \"PostmanRuntime/7.37.3\"","service":"accusations-api","timestamp":"2025-09-18 21:41:19"}
{"ip":"::1","level":"warn","message":"Bot request blocked","path":"/health","service":"accusations-api","timestamp":"2025-09-18 21:41:20","userAgent":"PostmanRuntime/7.37.3"}
{"level":"info","message":"::1 - - [18/Sep/2025:15:41:20 +0000] \"GET /health HTTP/1.1\" 403 68 \"-\" \"PostmanRuntime/7.37.3\"","service":"accusations-api","timestamp":"2025-09-18 21:41:20"}
{"ip":"::1","level":"warn","message":"Bot request blocked","path":"/health","service":"accusations-api","timestamp":"2025-09-18 21:41:20","userAgent":"PostmanRuntime/7.37.3"}
{"level":"info","message":"::1 - - [18/Sep/2025:15:41:20 +0000] \"GET /health HTTP/1.1\" 403 68 \"-\" \"PostmanRuntime/7.37.3\"","service":"accusations-api","timestamp":"2025-09-18 21:41:20"}
{"ip":"::1","level":"warn","message":"Bot request blocked","path":"/health","service":"accusations-api","timestamp":"2025-09-18 21:41:21","userAgent":"PostmanRuntime/7.37.3"}
{"level":"info","message":"::1 - - [18/Sep/2025:15:41:21 +0000] \"GET /health HTTP/1.1\" 403 68 \"-\" \"PostmanRuntime/7.37.3\"","service":"accusations-api","timestamp":"2025-09-18 21:41:21"}
{"ip":"::1","level":"warn","message":"Bot request blocked","path":"/health","service":"accusations-api","timestamp":"2025-09-18 21:41:21","userAgent":"PostmanRuntime/7.37.3"}
{"level":"info","message":"::1 - - [18/Sep/2025:15:41:21 +0000] \"GET /health HTTP/1.1\" 403 68 \"-\" \"PostmanRuntime/7.37.3\"","service":"accusations-api","timestamp":"2025-09-18 21:41:21"}
{"ip":"::1","level":"warn","message":"Bot request blocked","path":"/health","service":"accusations-api","timestamp":"2025-09-18 21:41:22","userAgent":"PostmanRuntime/7.37.3"}
{"level":"info","message":"::1 - - [18/Sep/2025:15:41:22 +0000] \"GET /health HTTP/1.1\" 403 68 \"-\" \"PostmanRuntime/7.37.3\"","service":"accusations-api","timestamp":"2025-09-18 21:41:22"}
{"ip":"::1","level":"warn","message":"Bot request blocked","path":"/health","service":"accusations-api","timestamp":"2025-09-18 21:41:22","userAgent":"PostmanRuntime/7.37.3"}
{"level":"info","message":"::1 - - [18/Sep/2025:15:41:22 +0000] \"GET /health HTTP/1.1\" 403 68 \"-\" \"PostmanRuntime/7.37.3\"","service":"accusations-api","timestamp":"2025-09-18 21:41:22"}
{"ip":"::1","level":"warn","message":"Bot request blocked","path":"/health","service":"accusations-api","timestamp":"2025-09-18 21:41:23","userAgent":"PostmanRuntime/7.37.3"}
{"level":"info","message":"::1 - - [18/Sep/2025:15:41:23 +0000] \"GET /health HTTP/1.1\" 403 68 \"-\" \"PostmanRuntime/7.37.3\"","service":"accusations-api","timestamp":"2025-09-18 21:41:23"}
{"ip":"::1","level":"warn","message":"Bot request blocked","path":"/health","service":"accusations-api","timestamp":"2025-09-18 21:41:23","userAgent":"PostmanRuntime/7.37.3"}
{"level":"info","message":"::1 - - [18/Sep/2025:15:41:23 +0000] \"GET /health HTTP/1.1\" 403 68 \"-\" \"PostmanRuntime/7.37.3\"","service":"accusations-api","timestamp":"2025-09-18 21:41:23"}
{"ip":"::1","level":"warn","message":"Bot request blocked","path":"/health","service":"accusations-api","timestamp":"2025-09-18 21:41:24","userAgent":"PostmanRuntime/7.37.3"}
{"level":"info","message":"::1 - - [18/Sep/2025:15:41:24 +0000] \"GET /health HTTP/1.1\" 403 68 \"-\" \"PostmanRuntime/7.37.3\"","service":"accusations-api","timestamp":"2025-09-18 21:41:24"}
{"ip":"::1","level":"warn","message":"Bot request blocked","path":"/health","service":"accusations-api","timestamp":"2025-09-18 21:41:24","userAgent":"PostmanRuntime/7.37.3"}
{"level":"info","message":"::1 - - [18/Sep/2025:15:41:24 +0000] \"GET /health HTTP/1.1\" 403 68 \"-\" \"PostmanRuntime/7.37.3\"","service":"accusations-api","timestamp":"2025-09-18 21:41:24"}
{"ip":"::1","level":"warn","message":"Bot request blocked","path":"/health","service":"accusations-api","timestamp":"2025-09-18 21:41:25","userAgent":"PostmanRuntime/7.37.3"}
{"level":"info","message":"::1 - - [18/Sep/2025:15:41:25 +0000] \"GET /health HTTP/1.1\" 403 68 \"-\" \"PostmanRuntime/7.37.3\"","service":"accusations-api","timestamp":"2025-09-18 21:41:25"}
{"ip":"::1","level":"warn","message":"Bot request blocked","path":"/health","service":"accusations-api","timestamp":"2025-09-18 21:41:25","userAgent":"PostmanRuntime/7.37.3"}
{"level":"info","message":"::1 - - [18/Sep/2025:15:41:25 +0000] \"GET /health HTTP/1.1\" 403 68 \"-\" \"PostmanRuntime/7.37.3\"","service":"accusations-api","timestamp":"2025-09-18 21:41:25"}
{"ip":"::1","level":"warn","message":"Bot request blocked","path":"/health","service":"accusations-api","timestamp":"2025-09-18 21:41:26","userAgent":"PostmanRuntime/7.37.3"}
{"level":"info","message":"::1 - - [18/Sep/2025:15:41:26 +0000] \"GET /health HTTP/1.1\" 403 68 \"-\" \"PostmanRuntime/7.37.3\"","service":"accusations-api","timestamp":"2025-09-18 21:41:26"}
{"ip":"::1","level":"warn","message":"Bot request blocked","path":"/health","service":"accusations-api","timestamp":"2025-09-18 21:42:12","userAgent":"PostmanRuntime/7.37.3"}
{"level":"info","message":"::1 - - [18/Sep/2025:15:42:12 +0000] \"GET /health HTTP/1.1\" 403 68 \"-\" \"PostmanRuntime/7.37.3\"","service":"accusations-api","timestamp":"2025-09-18 21:42:12"}
{"ip":"::1","level":"warn","message":"Bot request blocked","path":"/health","service":"accusations-api","timestamp":"2025-09-18 21:42:16","userAgent":"PostmanRuntime/7.37.3"}
{"level":"info","message":"::1 - - [18/Sep/2025:15:42:16 +0000] \"GET /health HTTP/1.1\" 403 68 \"-\" \"PostmanRuntime/7.37.3\"","service":"accusations-api","timestamp":"2025-09-18 21:42:16"}
{"ip":"::1","level":"warn","message":"Bot request blocked","path":"/health","service":"accusations-api","timestamp":"2025-09-18 21:42:25","userAgent":"Mozilla/5.0 (Macintosh; Intel Mac OS X 10_15_7) AppleWebKit/537.36 (KHTML, like Gecko) Chrome/140.0.0.0 Safari/537.36"}
{"level":"info","message":"::1 - - [18/Sep/2025:15:42:25 +0000] \"GET /health HTTP/1.1\" 403 68 \"-\" \"Mozilla/5.0 (Macintosh; Intel Mac OS X 10_15_7) AppleWebKit/537.36 (KHTML, like Gecko) Chrome/140.0.0.0 Safari/537.36\"","service":"accusations-api","timestamp":"2025-09-18 21:42:25"}
{"ip":"::1","level":"warn","message":"Bot request blocked","path":"/health","service":"accusations-api","timestamp":"2025-09-18 21:43:14","userAgent":"PostmanRuntime/7.37.3"}
{"level":"info","message":"::1 - - [18/Sep/2025:15:43:14 +0000] \"GET /health HTTP/1.1\" 403 68 \"-\" \"PostmanRuntime/7.37.3\"","service":"accusations-api","timestamp":"2025-09-18 21:43:14"}
{"ip":"::1","level":"warn","message":"Bot request blocked","path":"/health","service":"accusations-api","timestamp":"2025-09-18 21:44:03","userAgent":"PostmanRuntime/7.37.3"}
{"level":"info","message":"::1 - - [18/Sep/2025:15:44:03 +0000] \"GET /health HTTP/1.1\" 403 68 \"-\" \"PostmanRuntime/7.37.3\"","service":"accusations-api","timestamp":"2025-09-18 21:44:03"}
{"ip":"::1","level":"warn","message":"Bot request blocked","path":"/health","service":"accusations-api","timestamp":"2025-09-18 21:44:04","userAgent":"PostmanRuntime/7.37.3"}
{"level":"info","message":"::1 - - [18/Sep/2025:15:44:04 +0000] \"GET /health HTTP/1.1\" 403 68 \"-\" \"PostmanRuntime/7.37.3\"","service":"accusations-api","timestamp":"2025-09-18 21:44:04"}
{"level":"info","message":"::1 - - [18/Sep/2025:15:44:17 +0000] \"GET /health HTTP/1.1\" 200 75 \"-\" \"PostmanRuntime/7.37.3\"","service":"accusations-api","timestamp":"2025-09-18 21:44:17"}
{"level":"info","message":"::1 - - [18/Sep/2025:15:44:20 +0000] \"GET /health HTTP/1.1\" 200 75 \"-\" \"PostmanRuntime/7.37.3\"","service":"accusations-api","timestamp":"2025-09-18 21:44:20"}
{"level":"info","message":"::1 - - [18/Sep/2025:15:44:20 +0000] \"GET /health HTTP/1.1\" 200 76 \"-\" \"PostmanRuntime/7.37.3\"","service":"accusations-api","timestamp":"2025-09-18 21:44:20"}
{"level":"info","message":"::1 - - [18/Sep/2025:15:44:21 +0000] \"GET /health HTTP/1.1\" 200 76 \"-\" \"PostmanRuntime/7.37.3\"","service":"accusations-api","timestamp":"2025-09-18 21:44:21"}
{"level":"info","message":"::1 - - [18/Sep/2025:15:44:21 +0000] \"GET /health HTTP/1.1\" 200 76 \"-\" \"PostmanRuntime/7.37.3\"","service":"accusations-api","timestamp":"2025-09-18 21:44:21"}
{"level":"info","message":"::1 - - [18/Sep/2025:15:44:22 +0000] \"GET /health HTTP/1.1\" 200 76 \"-\" \"PostmanRuntime/7.37.3\"","service":"accusations-api","timestamp":"2025-09-18 21:44:22"}
{"level":"info","message":"::1 - - [18/Sep/2025:15:44:22 +0000] \"GET /health HTTP/1.1\" 200 76 \"-\" \"PostmanRuntime/7.37.3\"","service":"accusations-api","timestamp":"2025-09-18 21:44:22"}
{"level":"info","message":"::1 - - [18/Sep/2025:15:44:23 +0000] \"GET /health HTTP/1.1\" 200 76 \"-\" \"PostmanRuntime/7.37.3\"","service":"accusations-api","timestamp":"2025-09-18 21:44:23"}
{"level":"info","message":"::1 - - [18/Sep/2025:15:44:23 +0000] \"GET /health HTTP/1.1\" 200 75 \"-\" \"PostmanRuntime/7.37.3\"","service":"accusations-api","timestamp":"2025-09-18 21:44:23"}
{"level":"info","message":"::1 - - [18/Sep/2025:15:44:23 +0000] \"GET /health HTTP/1.1\" 200 73 \"-\" \"PostmanRuntime/7.37.3\"","service":"accusations-api","timestamp":"2025-09-18 21:44:23"}
{"level":"info","message":"::1 - - [18/Sep/2025:15:44:24 +0000] \"GET /health HTTP/1.1\" 200 75 \"-\" \"PostmanRuntime/7.37.3\"","service":"accusations-api","timestamp":"2025-09-18 21:44:24"}
{"level":"info","message":"::1 - - [18/Sep/2025:15:44:24 +0000] \"GET /health HTTP/1.1\" 200 76 \"-\" \"PostmanRuntime/7.37.3\"","service":"accusations-api","timestamp":"2025-09-18 21:44:24"}
{"level":"info","message":"::1 - - [18/Sep/2025:15:44:25 +0000] \"GET /health HTTP/1.1\" 200 73 \"-\" \"PostmanRuntime/7.37.3\"","service":"accusations-api","timestamp":"2025-09-18 21:44:25"}
{"level":"info","message":"::1 - - [18/Sep/2025:15:44:25 +0000] \"GET /health HTTP/1.1\" 200 76 \"-\" \"PostmanRuntime/7.37.3\"","service":"accusations-api","timestamp":"2025-09-18 21:44:25"}
{"level":"info","message":"::1 - - [18/Sep/2025:15:44:26 +0000] \"GET /health HTTP/1.1\" 200 76 \"-\" \"PostmanRuntime/7.37.3\"","service":"accusations-api","timestamp":"2025-09-18 21:44:26"}
{"level":"info","message":"::1 - - [18/Sep/2025:15:44:26 +0000] \"GET /health HTTP/1.1\" 200 76 \"-\" \"PostmanRuntime/7.37.3\"","service":"accusations-api","timestamp":"2025-09-18 21:44:26"}
{"level":"info","message":"::1 - - [18/Sep/2025:15:44:26 +0000] \"GET /health HTTP/1.1\" 200 76 \"-\" \"PostmanRuntime/7.37.3\"","service":"accusations-api","timestamp":"2025-09-18 21:44:26"}
{"level":"info","message":"::1 - - [18/Sep/2025:15:44:27 +0000] \"GET /health HTTP/1.1\" 200 76 \"-\" \"PostmanRuntime/7.37.3\"","service":"accusations-api","timestamp":"2025-09-18 21:44:27"}
{"level":"info","message":"::1 - - [18/Sep/2025:15:44:27 +0000] \"GET /health HTTP/1.1\" 200 76 \"-\" \"PostmanRuntime/7.37.3\"","service":"accusations-api","timestamp":"2025-09-18 21:44:27"}
{"level":"info","message":"::1 - - [18/Sep/2025:15:44:28 +0000] \"GET /health HTTP/1.1\" 200 76 \"-\" \"PostmanRuntime/7.37.3\"","service":"accusations-api","timestamp":"2025-09-18 21:44:28"}
{"level":"info","message":"::1 - - [18/Sep/2025:15:44:28 +0000] \"GET /health HTTP/1.1\" 200 76 \"-\" \"PostmanRuntime/7.37.3\"","service":"accusations-api","timestamp":"2025-09-18 21:44:28"}
{"level":"info","message":"::1 - - [18/Sep/2025:15:44:29 +0000] \"GET /health HTTP/1.1\" 200 76 \"-\" \"PostmanRuntime/7.37.3\"","service":"accusations-api","timestamp":"2025-09-18 21:44:29"}
{"level":"info","message":"::1 - - [18/Sep/2025:15:44:29 +0000] \"GET /health HTTP/1.1\" 200 76 \"-\" \"PostmanRuntime/7.37.3\"","service":"accusations-api","timestamp":"2025-09-18 21:44:29"}
{"level":"info","message":"::1 - - [18/Sep/2025:15:44:29 +0000] \"GET /health HTTP/1.1\" 200 76 \"-\" \"PostmanRuntime/7.37.3\"","service":"accusations-api","timestamp":"2025-09-18 21:44:29"}
{"level":"info","message":"::1 - - [18/Sep/2025:15:44:30 +0000] \"GET /health HTTP/1.1\" 200 76 \"-\" \"PostmanRuntime/7.37.3\"","service":"accusations-api","timestamp":"2025-09-18 21:44:30"}
{"level":"info","message":"::1 - - [18/Sep/2025:15:44:30 +0000] \"GET /health HTTP/1.1\" 200 76 \"-\" \"PostmanRuntime/7.37.3\"","service":"accusations-api","timestamp":"2025-09-18 21:44:30"}
{"level":"info","message":"::1 - - [18/Sep/2025:15:44:31 +0000] \"GET /health HTTP/1.1\" 200 72 \"-\" \"PostmanRuntime/7.37.3\"","service":"accusations-api","timestamp":"2025-09-18 21:44:31"}
{"level":"info","message":"::1 - - [18/Sep/2025:15:44:31 +0000] \"GET /health HTTP/1.1\" 200 76 \"-\" \"PostmanRuntime/7.37.3\"","service":"accusations-api","timestamp":"2025-09-18 21:44:31"}
{"level":"info","message":"::1 - - [18/Sep/2025:15:44:32 +0000] \"GET /health HTTP/1.1\" 200 76 \"-\" \"PostmanRuntime/7.37.3\"","service":"accusations-api","timestamp":"2025-09-18 21:44:32"}
{"level":"info","message":"::1 - - [18/Sep/2025:15:44:32 +0000] \"GET /health HTTP/1.1\" 200 76 \"-\" \"PostmanRuntime/7.37.3\"","service":"accusations-api","timestamp":"2025-09-18 21:44:32"}
{"level":"info","message":"::1 - - [18/Sep/2025:15:44:32 +0000] \"GET /health HTTP/1.1\" 200 75 \"-\" \"PostmanRuntime/7.37.3\"","service":"accusations-api","timestamp":"2025-09-18 21:44:32"}
{"level":"info","message":"::1 - - [18/Sep/2025:15:44:33 +0000] \"GET /health HTTP/1.1\" 200 76 \"-\" \"PostmanRuntime/7.37.3\"","service":"accusations-api","timestamp":"2025-09-18 21:44:33"}
{"level":"info","message":"::1 - - [18/Sep/2025:15:44:33 +0000] \"GET /health HTTP/1.1\" 200 76 \"-\" \"PostmanRuntime/7.37.3\"","service":"accusations-api","timestamp":"2025-09-18 21:44:33"}
{"level":"info","message":"::1 - - [18/Sep/2025:15:44:34 +0000] \"GET /health HTTP/1.1\" 200 76 \"-\" \"PostmanRuntime/7.37.3\"","service":"accusations-api","timestamp":"2025-09-18 21:44:34"}
{"level":"info","message":"::1 - - [18/Sep/2025:15:44:34 +0000] \"GET /health HTTP/1.1\" 200 76 \"-\" \"PostmanRuntime/7.37.3\"","service":"accusations-api","timestamp":"2025-09-18 21:44:34"}
{"level":"info","message":"::1 - - [18/Sep/2025:15:44:35 +0000] \"GET /health HTTP/1.1\" 200 76 \"-\" \"PostmanRuntime/7.37.3\"","service":"accusations-api","timestamp":"2025-09-18 21:44:35"}
{"level":"info","message":"::1 - - [18/Sep/2025:15:44:35 +0000] \"GET /health HTTP/1.1\" 200 76 \"-\" \"PostmanRuntime/7.37.3\"","service":"accusations-api","timestamp":"2025-09-18 21:44:35"}
{"level":"info","message":"::1 - - [18/Sep/2025:15:44:51 +0000] \"GET /health HTTP/1.1\" 200 76 \"-\" \"PostmanRuntime/7.37.3\"","service":"accusations-api","timestamp":"2025-09-18 21:44:51"}
{"level":"info","message":"::1 - - [18/Sep/2025:15:44:51 +0000] \"GET /health HTTP/1.1\" 200 76 \"-\" \"PostmanRuntime/7.37.3\"","service":"accusations-api","timestamp":"2025-09-18 21:44:51"}
{"ip":"::1","level":"warn","message":"Bot request blocked","path":"/health","service":"accusations-api","timestamp":"2025-09-18 21:46:26","userAgent":"PostmanRuntime/7.37.3"}
{"level":"info","message":"::1 - - [18/Sep/2025:15:46:26 +0000] \"GET /health HTTP/1.1\" 403 68 \"-\" \"PostmanRuntime/7.37.3\"","service":"accusations-api","timestamp":"2025-09-18 21:46:26"}
{"ip":"::1","level":"warn","message":"Bot request blocked","path":"/health","service":"accusations-api","timestamp":"2025-09-18 21:46:27","userAgent":"PostmanRuntime/7.37.3"}
{"level":"info","message":"::1 - - [18/Sep/2025:15:46:27 +0000] \"GET /health HTTP/1.1\" 403 68 \"-\" \"PostmanRuntime/7.37.3\"","service":"accusations-api","timestamp":"2025-09-18 21:46:27"}
{"ip":"::1","level":"warn","message":"Bot request blocked","path":"/health/","service":"accusations-api","timestamp":"2025-09-18 21:46:32","userAgent":"PostmanRuntime/7.37.3"}
{"level":"info","message":"::1 - - [18/Sep/2025:15:46:32 +0000] \"GET /health/ HTTP/1.1\" 403 68 \"-\" \"PostmanRuntime/7.37.3\"","service":"accusations-api","timestamp":"2025-09-18 21:46:32"}
{"ip":"::1","level":"warn","message":"Bot request blocked","path":"/","service":"accusations-api","timestamp":"2025-09-18 21:47:23","userAgent":"Mozilla/5.0 (Macintosh; Intel Mac OS X 10_15_7) AppleWebKit/537.36 (KHTML, like Gecko) Chrome/140.0.0.0 Safari/537.36"}
{"level":"info","message":"::1 - - [18/Sep/2025:15:47:23 +0000] \"GET / HTTP/1.1\" 403 68 \"-\" \"Mozilla/5.0 (Macintosh; Intel Mac OS X 10_15_7) AppleWebKit/537.36 (KHTML, like Gecko) Chrome/140.0.0.0 Safari/537.36\"","service":"accusations-api","timestamp":"2025-09-18 21:47:23"}
{"ip":"::1","level":"warn","message":"Bot request blocked","path":"/health/","service":"accusations-api","timestamp":"2025-09-18 21:48:17","userAgent":"PostmanRuntime/7.37.3"}
{"level":"info","message":"::1 - - [18/Sep/2025:15:48:17 +0000] \"GET /health/ HTTP/1.1\" 403 68 \"-\" \"PostmanRuntime/7.37.3\"","service":"accusations-api","timestamp":"2025-09-18 21:48:17"}
{"ip":"::1","level":"warn","message":"Bot request blocked","path":"/","service":"accusations-api","timestamp":"2025-09-18 21:48:22","userAgent":"PostmanRuntime/7.37.3"}
{"level":"info","message":"::1 - - [18/Sep/2025:15:48:22 +0000] \"GET / HTTP/1.1\" 403 68 \"-\" \"PostmanRuntime/7.37.3\"","service":"accusations-api","timestamp":"2025-09-18 21:48:22"}
{"ip":"::1","level":"warn","message":"Bot request blocked","path":"/","service":"accusations-api","timestamp":"2025-09-18 21:48:24","userAgent":"PostmanRuntime/7.37.3"}
{"level":"info","message":"::1 - - [18/Sep/2025:15:48:24 +0000] \"GET / HTTP/1.1\" 403 68 \"-\" \"PostmanRuntime/7.37.3\"","service":"accusations-api","timestamp":"2025-09-18 21:48:24"}
{"ip":"::1","level":"warn","message":"Bot request blocked","path":"/","service":"accusations-api","timestamp":"2025-09-18 21:50:01","userAgent":"PostmanRuntime/7.37.3"}
{"level":"info","message":"::1 - - [18/Sep/2025:15:50:01 +0000] \"GET / HTTP/1.1\" 403 68 \"-\" \"PostmanRuntime/7.37.3\"","service":"accusations-api","timestamp":"2025-09-18 21:50:01"}
{"ip":"::1","level":"warn","message":"Bot request blocked","path":"/","service":"accusations-api","timestamp":"2025-09-18 21:50:02","userAgent":"PostmanRuntime/7.37.3"}
{"level":"info","message":"::1 - - [18/Sep/2025:15:50:02 +0000] \"GET / HTTP/1.1\" 403 68 \"-\" \"PostmanRuntime/7.37.3\"","service":"accusations-api","timestamp":"2025-09-18 21:50:02"}
{"ip":"::1","level":"warn","message":"Bot request blocked","path":"/","service":"accusations-api","timestamp":"2025-09-18 21:51:48","userAgent":"PostmanRuntime/7.37.3"}
{"level":"info","message":"::1 - - [18/Sep/2025:15:51:48 +0000] \"GET / HTTP/1.1\" 403 68 \"-\" \"PostmanRuntime/7.37.3\"","service":"accusations-api","timestamp":"2025-09-18 21:51:48"}
{"ip":"::1","level":"warn","message":"Bot request blocked","path":"/","service":"accusations-api","timestamp":"2025-09-18 21:53:05","userAgent":"PostmanRuntime/7.37.3"}
{"level":"info","message":"::1 - - [18/Sep/2025:15:53:05 +0000] \"GET / HTTP/1.1\" 403 68 \"-\" \"PostmanRuntime/7.37.3\"","service":"accusations-api","timestamp":"2025-09-18 21:53:05"}
{"ip":"::1","level":"warn","message":"Bot request blocked","path":"/","service":"accusations-api","timestamp":"2025-09-18 21:53:06","userAgent":"PostmanRuntime/7.37.3"}
{"level":"info","message":"::1 - - [18/Sep/2025:15:53:06 +0000] \"GET / HTTP/1.1\" 403 68 \"-\" \"PostmanRuntime/7.37.3\"","service":"accusations-api","timestamp":"2025-09-18 21:53:06"}
{"ip":"::1","level":"warn","message":"Bot request blocked","path":"/","service":"accusations-api","timestamp":"2025-09-18 21:53:07","userAgent":"PostmanRuntime/7.37.3"}
{"level":"info","message":"::1 - - [18/Sep/2025:15:53:07 +0000] \"GET / HTTP/1.1\" 403 68 \"-\" \"PostmanRuntime/7.37.3\"","service":"accusations-api","timestamp":"2025-09-18 21:53:07"}
{"level":"info","message":"Hello from Accusations!","service":"accusations-api","timestamp":"2025-09-18 21:53:23"}
{"level":"info","message":"::1 - - [18/Sep/2025:15:53:23 +0000] \"GET / HTTP/1.1\" 200 23 \"-\" \"Mozilla/5.0 (Macintosh; Intel Mac OS X 10_15_7) AppleWebKit/537.36 (KHTML, like Gecko) Chrome/140.0.0.0 Safari/537.36\"","service":"accusations-api","timestamp":"2025-09-18 21:53:23"}
{"level":"info","message":"Hello from Accusations!","service":"accusations-api","timestamp":"2025-09-18 21:53:25"}
{"level":"info","message":"::1 - - [18/Sep/2025:15:53:25 +0000] \"GET / HTTP/1.1\" 304 - \"-\" \"Mozilla/5.0 (Macintosh; Intel Mac OS X 10_15_7) AppleWebKit/537.36 (KHTML, like Gecko) Chrome/140.0.0.0 Safari/537.36\"","service":"accusations-api","timestamp":"2025-09-18 21:53:25"}
{"ip":"::1","level":"warn","message":"Bot request blocked","path":"/","service":"accusations-api","timestamp":"2025-09-18 21:53:28","userAgent":"PostmanRuntime/7.37.3"}
{"level":"info","message":"::1 - - [18/Sep/2025:15:53:28 +0000] \"GET / HTTP/1.1\" 403 68 \"-\" \"PostmanRuntime/7.37.3\"","service":"accusations-api","timestamp":"2025-09-18 21:53:28"}
{"ip":"::1","level":"warn","message":"Bot request blocked","path":"/health/","service":"accusations-api","timestamp":"2025-09-18 21:53:33","userAgent":"PostmanRuntime/7.37.3"}
{"level":"info","message":"::1 - - [18/Sep/2025:15:53:33 +0000] \"GET /health/ HTTP/1.1\" 403 68 \"-\" \"PostmanRuntime/7.37.3\"","service":"accusations-api","timestamp":"2025-09-18 21:53:33"}
{"ip":"::1","level":"warn","message":"Bot request blocked","path":"/health/","service":"accusations-api","timestamp":"2025-09-18 21:53:33","userAgent":"PostmanRuntime/7.37.3"}
{"level":"info","message":"::1 - - [18/Sep/2025:15:53:33 +0000] \"GET /health/ HTTP/1.1\" 403 68 \"-\" \"PostmanRuntime/7.37.3\"","service":"accusations-api","timestamp":"2025-09-18 21:53:33"}
{"ip":"::1","level":"warn","message":"Bot request blocked","path":"/health/","service":"accusations-api","timestamp":"2025-09-18 21:53:34","userAgent":"PostmanRuntime/7.37.3"}
{"level":"info","message":"::1 - - [18/Sep/2025:15:53:34 +0000] \"GET /health/ HTTP/1.1\" 403 68 \"-\" \"PostmanRuntime/7.37.3\"","service":"accusations-api","timestamp":"2025-09-18 21:53:34"}
{"ip":"::1","level":"warn","message":"Bot request blocked","path":"/health/","service":"accusations-api","timestamp":"2025-09-18 21:53:34","userAgent":"PostmanRuntime/7.37.3"}
{"level":"info","message":"::1 - - [18/Sep/2025:15:53:34 +0000] \"GET /health/ HTTP/1.1\" 403 68 \"-\" \"PostmanRuntime/7.37.3\"","service":"accusations-api","timestamp":"2025-09-18 21:53:34"}
{"ip":"::1","level":"warn","message":"Bot request blocked","path":"/health/","service":"accusations-api","timestamp":"2025-09-18 21:53:43","userAgent":"Mozilla/5.0 (Macintosh; Intel Mac OS X 10_15_7) AppleWebKit/537.36 (KHTML, like Gecko) Chrome/140.0.0.0 Safari/537.36"}
{"level":"info","message":"::1 - - [18/Sep/2025:15:53:43 +0000] \"GET /health/ HTTP/1.1\" 403 68 \"-\" \"Mozilla/5.0 (Macintosh; Intel Mac OS X 10_15_7) AppleWebKit/537.36 (KHTML, like Gecko) Chrome/140.0.0.0 Safari/537.36\"","service":"accusations-api","timestamp":"2025-09-18 21:53:43"}
{"ip":"::1","level":"warn","message":"Bot request blocked","path":"/health/","service":"accusations-api","timestamp":"2025-09-18 21:53:45","userAgent":"Mozilla/5.0 (Macintosh; Intel Mac OS X 10_15_7) AppleWebKit/537.36 (KHTML, like Gecko) Chrome/140.0.0.0 Safari/537.36"}
{"level":"info","message":"::1 - - [18/Sep/2025:15:53:45 +0000] \"GET /health/ HTTP/1.1\" 403 68 \"-\" \"Mozilla/5.0 (Macintosh; Intel Mac OS X 10_15_7) AppleWebKit/537.36 (KHTML, like Gecko) Chrome/140.0.0.0 Safari/537.36\"","service":"accusations-api","timestamp":"2025-09-18 21:53:45"}
{"ip":"::1","level":"warn","message":"Bot request blocked","path":"/health/","service":"accusations-api","timestamp":"2025-09-18 21:53:45","userAgent":"Mozilla/5.0 (Macintosh; Intel Mac OS X 10_15_7) AppleWebKit/537.36 (KHTML, like Gecko) Chrome/140.0.0.0 Safari/537.36"}
{"level":"info","message":"::1 - - [18/Sep/2025:15:53:45 +0000] \"GET /health/ HTTP/1.1\" 403 68 \"-\" \"Mozilla/5.0 (Macintosh; Intel Mac OS X 10_15_7) AppleWebKit/537.36 (KHTML, like Gecko) Chrome/140.0.0.0 Safari/537.36\"","service":"accusations-api","timestamp":"2025-09-18 21:53:45"}
{"ip":"::1","level":"warn","message":"Bot request blocked","path":"/health/","service":"accusations-api","timestamp":"2025-09-18 21:53:46","userAgent":"Mozilla/5.0 (Macintosh; Intel Mac OS X 10_15_7) AppleWebKit/537.36 (KHTML, like Gecko) Chrome/140.0.0.0 Safari/537.36"}
{"level":"info","message":"::1 - - [18/Sep/2025:15:53:46 +0000] \"GET /health/ HTTP/1.1\" 403 68 \"-\" \"Mozilla/5.0 (Macintosh; Intel Mac OS X 10_15_7) AppleWebKit/537.36 (KHTML, like Gecko) Chrome/140.0.0.0 Safari/537.36\"","service":"accusations-api","timestamp":"2025-09-18 21:53:46"}
{"ip":"::1","level":"warn","message":"Bot request blocked","path":"/health/","service":"accusations-api","timestamp":"2025-09-18 21:53:46","userAgent":"Mozilla/5.0 (Macintosh; Intel Mac OS X 10_15_7) AppleWebKit/537.36 (KHTML, like Gecko) Chrome/140.0.0.0 Safari/537.36"}
{"level":"info","message":"::1 - - [18/Sep/2025:15:53:46 +0000] \"GET /health/ HTTP/1.1\" 403 68 \"-\" \"Mozilla/5.0 (Macintosh; Intel Mac OS X 10_15_7) AppleWebKit/537.36 (KHTML, like Gecko) Chrome/140.0.0.0 Safari/537.36\"","service":"accusations-api","timestamp":"2025-09-18 21:53:46"}
{"ip":"::1","level":"warn","message":"Bot request blocked","path":"/health/","service":"accusations-api","timestamp":"2025-09-18 21:53:57","userAgent":"Mozilla/5.0 (Macintosh; Intel Mac OS X 10_15_7) AppleWebKit/537.36 (KHTML, like Gecko) Chrome/140.0.0.0 Safari/537.36"}
{"level":"info","message":"::1 - - [18/Sep/2025:15:53:57 +0000] \"GET /health/ HTTP/1.1\" 403 68 \"-\" \"Mozilla/5.0 (Macintosh; Intel Mac OS X 10_15_7) AppleWebKit/537.36 (KHTML, like Gecko) Chrome/140.0.0.0 Safari/537.36\"","service":"accusations-api","timestamp":"2025-09-18 21:53:57"}
{"ip":"::1","level":"warn","message":"Bot request blocked","path":"/health/","service":"accusations-api","timestamp":"2025-09-18 21:56:26","userAgent":"PostmanRuntime/7.37.3"}
{"level":"info","message":"::1 - - [18/Sep/2025:15:56:26 +0000] \"GET /health/ HTTP/1.1\" 403 68 \"-\" \"PostmanRuntime/7.37.3\"","service":"accusations-api","timestamp":"2025-09-18 21:56:26"}
{"ip":"::1","level":"warn","message":"Bot request blocked","path":"/","service":"accusations-api","timestamp":"2025-09-18 21:56:32","userAgent":"PostmanRuntime/7.37.3"}
{"level":"info","message":"::1 - - [18/Sep/2025:15:56:32 +0000] \"GET / HTTP/1.1\" 403 68 \"-\" \"PostmanRuntime/7.37.3\"","service":"accusations-api","timestamp":"2025-09-18 21:56:32"}
{"ip":"::1","level":"warn","message":"Bot request blocked","path":"/api/auth/sign-in","service":"accusations-api","timestamp":"2025-09-18 21:56:38","userAgent":"PostmanRuntime/7.37.3"}
{"level":"info","message":"::1 - - [18/Sep/2025:15:56:38 +0000] \"POST /api/auth/sign-in HTTP/1.1\" 403 68 \"-\" \"PostmanRuntime/7.37.3\"","service":"accusations-api","timestamp":"2025-09-18 21:56:38"}
{"ip":"::1","level":"warn","message":"Bot request blocked","path":"/health/","service":"accusations-api","timestamp":"2025-09-18 21:56:51","userAgent":"Mozilla/5.0 (Macintosh; Intel Mac OS X 10_15_7) AppleWebKit/537.36 (KHTML, like Gecko) Chrome/140.0.0.0 Safari/537.36"}
{"level":"info","message":"::1 - - [18/Sep/2025:15:56:51 +0000] \"GET /health/ HTTP/1.1\" 403 68 \"-\" \"Mozilla/5.0 (Macintosh; Intel Mac OS X 10_15_7) AppleWebKit/537.36 (KHTML, like Gecko) Chrome/140.0.0.0 Safari/537.36\"","service":"accusations-api","timestamp":"2025-09-18 21:56:51"}
{"ip":"::1","level":"warn","message":"Bot request blocked","path":"/","service":"accusations-api","timestamp":"2025-09-18 21:56:55","userAgent":"Mozilla/5.0 (Macintosh; Intel Mac OS X 10_15_7) AppleWebKit/537.36 (KHTML, like Gecko) Chrome/140.0.0.0 Safari/537.36"}
{"level":"info","message":"::1 - - [18/Sep/2025:15:56:56 +0000] \"GET / HTTP/1.1\" 403 68 \"-\" \"Mozilla/5.0 (Macintosh; Intel Mac OS X 10_15_7) AppleWebKit/537.36 (KHTML, like Gecko) Chrome/140.0.0.0 Safari/537.36\"","service":"accusations-api","timestamp":"2025-09-18 21:56:56"}
{"ip":"::1","level":"warn","message":"Bot request blocked","path":"/","service":"accusations-api","timestamp":"2025-09-18 21:56:58","userAgent":"Mozilla/5.0 (Macintosh; Intel Mac OS X 10_15_7) AppleWebKit/537.36 (KHTML, like Gecko) Chrome/140.0.0.0 Safari/537.36"}
{"level":"info","message":"::1 - - [18/Sep/2025:15:56:58 +0000] \"GET / HTTP/1.1\" 403 68 \"-\" \"Mozilla/5.0 (Macintosh; Intel Mac OS X 10_15_7) AppleWebKit/537.36 (KHTML, like Gecko) Chrome/140.0.0.0 Safari/537.36\"","service":"accusations-api","timestamp":"2025-09-18 21:56:58"}
{"ip":"::1","level":"warn","message":"Bot request blocked","path":"/.well-known/appspecific/com.chrome.devtools.json","service":"accusations-api","timestamp":"2025-09-18 21:57:01","userAgent":"Mozilla/5.0 (Macintosh; Intel Mac OS X 10_15_7) AppleWebKit/537.36 (KHTML, like Gecko) Chrome/140.0.0.0 Safari/537.36"}
{"level":"info","message":"::1 - - [18/Sep/2025:15:57:01 +0000] \"GET /.well-known/appspecific/com.chrome.devtools.json HTTP/1.1\" 403 68 \"-\" \"Mozilla/5.0 (Macintosh; Intel Mac OS X 10_15_7) AppleWebKit/537.36 (KHTML, like Gecko) Chrome/140.0.0.0 Safari/537.36\"","service":"accusations-api","timestamp":"2025-09-18 21:57:01"}
{"ip":"::1","level":"warn","message":"Bot request blocked","path":"/","service":"accusations-api","timestamp":"2025-09-18 21:57:11","userAgent":"Mozilla/5.0 (Macintosh; Intel Mac OS X 10_15_7) AppleWebKit/537.36 (KHTML, like Gecko) Chrome/140.0.0.0 Safari/537.36"}
{"level":"info","message":"::1 - - [18/Sep/2025:15:57:11 +0000] \"GET / HTTP/1.1\" 403 68 \"-\" \"Mozilla/5.0 (Macintosh; Intel Mac OS X 10_15_7) AppleWebKit/537.36 (KHTML, like Gecko) Chrome/140.0.0.0 Safari/537.36\"","service":"accusations-api","timestamp":"2025-09-18 21:57:11"}
{"ip":"::1","level":"warn","message":"Bot request blocked","path":"/.well-known/appspecific/com.chrome.devtools.json","service":"accusations-api","timestamp":"2025-09-18 21:57:11","userAgent":"Mozilla/5.0 (Macintosh; Intel Mac OS X 10_15_7) AppleWebKit/537.36 (KHTML, like Gecko) Chrome/140.0.0.0 Safari/537.36"}
{"level":"info","message":"::1 - - [18/Sep/2025:15:57:11 +0000] \"GET /.well-known/appspecific/com.chrome.devtools.json HTTP/1.1\" 403 68 \"-\" \"Mozilla/5.0 (Macintosh; Intel Mac OS X 10_15_7) AppleWebKit/537.36 (KHTML, like Gecko) Chrome/140.0.0.0 Safari/537.36\"","service":"accusations-api","timestamp":"2025-09-18 21:57:11"}
{"level":"info","message":"::1 - - [18/Sep/2025:15:58:17 +0000] \"GET / HTTP/1.1\" 500 91 \"-\" \"Mozilla/5.0 (Macintosh; Intel Mac OS X 10_15_7) AppleWebKit/537.36 (KHTML, like Gecko) Chrome/140.0.0.0 Safari/537.36\"","service":"accusations-api","timestamp":"2025-09-18 21:58:17"}
{"level":"info","message":"Hello from Accusations!","service":"accusations-api","timestamp":"2025-09-18 21:58:45"}
{"level":"info","message":"::1 - - [18/Sep/2025:15:58:45 +0000] \"GET / HTTP/1.1\" 200 23 \"-\" \"Mozilla/5.0 (Macintosh; Intel Mac OS X 10_15_7) AppleWebKit/537.36 (KHTML, like Gecko) Chrome/140.0.0.0 Safari/537.36\"","service":"accusations-api","timestamp":"2025-09-18 21:58:45"}
{"level":"info","message":"Hello from Accusations!","service":"accusations-api","timestamp":"2025-09-18 21:58:48"}
{"level":"info","message":"::1 - - [18/Sep/2025:15:58:48 +0000] \"GET / HTTP/1.1\" 304 - \"-\" \"Mozilla/5.0 (Macintosh; Intel Mac OS X 10_15_7) AppleWebKit/537.36 (KHTML, like Gecko) Chrome/140.0.0.0 Safari/537.36\"","service":"accusations-api","timestamp":"2025-09-18 21:58:48"}
{"level":"info","message":"Hello from Accusations!","service":"accusations-api","timestamp":"2025-09-18 21:58:50"}
{"level":"info","message":"::1 - - [18/Sep/2025:15:58:50 +0000] \"GET / HTTP/1.1\" 304 - \"-\" \"Mozilla/5.0 (Macintosh; Intel Mac OS X 10_15_7) AppleWebKit/537.36 (KHTML, like Gecko) Chrome/140.0.0.0 Safari/537.36\"","service":"accusations-api","timestamp":"2025-09-18 21:58:50"}
{"level":"info","message":"::1 - - [18/Sep/2025:15:59:08 +0000] \"GET /health HTTP/1.1\" 200 76 \"-\" \"Mozilla/5.0 (Macintosh; Intel Mac OS X 10_15_7) AppleWebKit/537.36 (KHTML, like Gecko) Chrome/140.0.0.0 Safari/537.36\"","service":"accusations-api","timestamp":"2025-09-18 21:59:08"}
{"level":"info","message":"::1 - - [18/Sep/2025:15:59:11 +0000] \"GET /health HTTP/1.1\" 200 76 \"-\" \"Mozilla/5.0 (Macintosh; Intel Mac OS X 10_15_7) AppleWebKit/537.36 (KHTML, like Gecko) Chrome/140.0.0.0 Safari/537.36\"","service":"accusations-api","timestamp":"2025-09-18 21:59:11"}
{"ip":"::1","level":"warn","message":"Bot request blocked","path":"/health/","service":"accusations-api","timestamp":"2025-09-18 21:59:16","userAgent":"PostmanRuntime/7.37.3"}
{"level":"info","message":"::1 - - [18/Sep/2025:15:59:16 +0000] \"GET /health/ HTTP/1.1\" 403 68 \"-\" \"PostmanRuntime/7.37.3\"","service":"accusations-api","timestamp":"2025-09-18 21:59:16"}
{"ip":"::1","level":"warn","message":"Bot request blocked","path":"/","service":"accusations-api","timestamp":"2025-09-18 21:59:19","userAgent":"PostmanRuntime/7.37.3"}
{"level":"info","message":"::1 - - [18/Sep/2025:15:59:19 +0000] \"GET / HTTP/1.1\" 403 68 \"-\" \"PostmanRuntime/7.37.3\"","service":"accusations-api","timestamp":"2025-09-18 21:59:19"}
{"ip":"::1","level":"warn","message":"Bot request blocked","path":"/","service":"accusations-api","timestamp":"2025-09-18 22:04:27","userAgent":"PostmanRuntime/7.46.1"}
{"level":"info","message":"::1 - - [18/Sep/2025:16:04:27 +0000] \"GET / HTTP/1.1\" 403 68 \"-\" \"PostmanRuntime/7.46.1\"","service":"accusations-api","timestamp":"2025-09-18 22:04:27"}
{"ip":"::1","level":"warn","message":"Bot request blocked","path":"/","service":"accusations-api","timestamp":"2025-09-18 22:04:31","userAgent":"PostmanRuntime/7.46.1"}
{"level":"info","message":"::1 - - [18/Sep/2025:16:04:31 +0000] \"GET / HTTP/1.1\" 403 68 \"-\" \"PostmanRuntime/7.46.1\"","service":"accusations-api","timestamp":"2025-09-18 22:04:31"}
{"ip":"::1","level":"warn","message":"Bot request blocked","path":"/health/","service":"accusations-api","timestamp":"2025-09-18 22:04:35","userAgent":"PostmanRuntime/7.46.1"}
{"level":"info","message":"::1 - - [18/Sep/2025:16:04:35 +0000] \"GET /health/ HTTP/1.1\" 403 68 \"-\" \"PostmanRuntime/7.46.1\"","service":"accusations-api","timestamp":"2025-09-18 22:04:35"}
{"ip":"::1","level":"warn","message":"Bot request blocked","path":"/health","service":"accusations-api","timestamp":"2025-09-18 22:04:48","userAgent":"Mozilla/5.0 (Macintosh; Intel Mac OS X 10_15_7) AppleWebKit/537.36 (KHTML, like Gecko) Chrome/140.0.0.0 Safari/537.36"}
{"level":"info","message":"::1 - - [18/Sep/2025:16:04:48 +0000] \"GET /health HTTP/1.1\" 403 68 \"-\" \"Mozilla/5.0 (Macintosh; Intel Mac OS X 10_15_7) AppleWebKit/537.36 (KHTML, like Gecko) Chrome/140.0.0.0 Safari/537.36\"","service":"accusations-api","timestamp":"2025-09-18 22:04:48"}
{"ip":"::1","level":"warn","message":"Bot request blocked","path":"/health","service":"accusations-api","timestamp":"2025-09-18 22:04:49","userAgent":"Mozilla/5.0 (Macintosh; Intel Mac OS X 10_15_7) AppleWebKit/537.36 (KHTML, like Gecko) Chrome/140.0.0.0 Safari/537.36"}
{"level":"info","message":"::1 - - [18/Sep/2025:16:04:49 +0000] \"GET /health HTTP/1.1\" 403 68 \"-\" \"Mozilla/5.0 (Macintosh; Intel Mac OS X 10_15_7) AppleWebKit/537.36 (KHTML, like Gecko) Chrome/140.0.0.0 Safari/537.36\"","service":"accusations-api","timestamp":"2025-09-18 22:04:49"}
{"ip":"::1","level":"warn","message":"Bot request blocked","path":"/","service":"accusations-api","timestamp":"2025-09-18 22:04:54","userAgent":"Mozilla/5.0 (Macintosh; Intel Mac OS X 10_15_7) AppleWebKit/537.36 (KHTML, like Gecko) Chrome/140.0.0.0 Safari/537.36"}
{"level":"info","message":"::1 - - [18/Sep/2025:16:04:54 +0000] \"GET / HTTP/1.1\" 403 68 \"-\" \"Mozilla/5.0 (Macintosh; Intel Mac OS X 10_15_7) AppleWebKit/537.36 (KHTML, like Gecko) Chrome/140.0.0.0 Safari/537.36\"","service":"accusations-api","timestamp":"2025-09-18 22:04:54"}
{"ip":"::1","level":"warn","message":"Bot request blocked","path":"/","service":"accusations-api","timestamp":"2025-09-18 22:04:58","userAgent":"Mozilla/5.0 (Macintosh; Intel Mac OS X 10_15_7) AppleWebKit/537.36 (KHTML, like Gecko) Chrome/140.0.0.0 Safari/537.36"}
{"level":"info","message":"::1 - - [18/Sep/2025:16:04:58 +0000] \"GET / HTTP/1.1\" 403 68 \"-\" \"Mozilla/5.0 (Macintosh; Intel Mac OS X 10_15_7) AppleWebKit/537.36 (KHTML, like Gecko) Chrome/140.0.0.0 Safari/537.36\"","service":"accusations-api","timestamp":"2025-09-18 22:04:58"}
{"level":"info","message":"Hello from Accusations!","service":"accusations-api","timestamp":"2025-09-18 22:05:28"}
{"level":"info","message":"::1 - - [18/Sep/2025:16:05:28 +0000] \"GET / HTTP/1.1\" 200 23 \"-\" \"Mozilla/5.0 (Macintosh; Intel Mac OS X 10_15_7) AppleWebKit/537.36 (KHTML, like Gecko) Chrome/140.0.0.0 Safari/537.36\"","service":"accusations-api","timestamp":"2025-09-18 22:05:28"}
{"level":"info","message":"Hello from Accusations!","service":"accusations-api","timestamp":"2025-09-18 22:05:28"}
{"level":"info","message":"::1 - - [18/Sep/2025:16:05:28 +0000] \"GET / HTTP/1.1\" 304 - \"-\" \"Mozilla/5.0 (Macintosh; Intel Mac OS X 10_15_7) AppleWebKit/537.36 (KHTML, like Gecko) Chrome/140.0.0.0 Safari/537.36\"","service":"accusations-api","timestamp":"2025-09-18 22:05:28"}
{"level":"info","message":"Hello from Accusations!","service":"accusations-api","timestamp":"2025-09-18 22:05:30"}
{"level":"info","message":"::1 - - [18/Sep/2025:16:05:30 +0000] \"GET / HTTP/1.1\" 304 - \"-\" \"Mozilla/5.0 (Macintosh; Intel Mac OS X 10_15_7) AppleWebKit/537.36 (KHTML, like Gecko) Chrome/140.0.0.0 Safari/537.36\"","service":"accusations-api","timestamp":"2025-09-18 22:05:30"}
{"level":"info","message":"::1 - - [18/Sep/2025:16:05:34 +0000] \"GET /health HTTP/1.1\" 200 77 \"-\" \"Mozilla/5.0 (Macintosh; Intel Mac OS X 10_15_7) AppleWebKit/537.36 (KHTML, like Gecko) Chrome/140.0.0.0 Safari/537.36\"","service":"accusations-api","timestamp":"2025-09-18 22:05:34"}
{"ip":"::1","level":"warn","message":"Bot request blocked","path":"/","service":"accusations-api","timestamp":"2025-09-18 22:05:40","userAgent":"PostmanRuntime/7.46.1"}
{"level":"info","message":"::1 - - [18/Sep/2025:16:05:40 +0000] \"GET / HTTP/1.1\" 403 68 \"-\" \"PostmanRuntime/7.46.1\"","service":"accusations-api","timestamp":"2025-09-18 22:05:40"}
{"level":"info","message":"Hello from Accusations!","service":"accusations-api","timestamp":"2025-09-18 22:06:25"}
{"level":"info","message":"::1 - - [18/Sep/2025:16:06:25 +0000] \"GET / HTTP/1.1\" 200 23 \"-\" \"PostmanRuntime/7.46.1\"","service":"accusations-api","timestamp":"2025-09-18 22:06:25"}
{"level":"info","message":"::1 - - [18/Sep/2025:16:06:29 +0000] \"GET /health/ HTTP/1.1\" 200 73 \"-\" \"PostmanRuntime/7.46.1\"","service":"accusations-api","timestamp":"2025-09-18 22:06:29"}
{"level":"info","message":"::1 - - [18/Sep/2025:16:06:31 +0000] \"GET /health/ HTTP/1.1\" 200 75 \"-\" \"PostmanRuntime/7.46.1\"","service":"accusations-api","timestamp":"2025-09-18 22:06:31"}
{"level":"info","message":"::1 - - [18/Sep/2025:16:06:32 +0000] \"GET /health/ HTTP/1.1\" 200 75 \"-\" \"PostmanRuntime/7.46.1\"","service":"accusations-api","timestamp":"2025-09-18 22:06:32"}
{"ip":"::1","level":"warn","message":"Rate limit exceeded","path":"/health/","service":"accusations-api","timestamp":"2025-09-18 22:06:32","userAgent":"PostmanRuntime/7.46.1"}
{"level":"info","message":"::1 - - [18/Sep/2025:16:06:32 +0000] \"GET /health/ HTTP/1.1\" 403 51 \"-\" \"PostmanRuntime/7.46.1\"","service":"accusations-api","timestamp":"2025-09-18 22:06:32"}
{"ip":"::1","level":"warn","message":"Rate limit exceeded","path":"/health/","service":"accusations-api","timestamp":"2025-09-18 22:06:33","userAgent":"PostmanRuntime/7.46.1"}
{"level":"info","message":"::1 - - [18/Sep/2025:16:06:33 +0000] \"GET /health/ HTTP/1.1\" 403 51 \"-\" \"PostmanRuntime/7.46.1\"","service":"accusations-api","timestamp":"2025-09-18 22:06:33"}
